\BOOKMARK [0][-]{chapter.1}{Sobre las mediciones}{}% 1
\BOOKMARK [1][-]{section.1.1}{Magnitudes}{chapter.1}% 2
\BOOKMARK [2][-]{subsection.1.1.1}{Precisión y exactitud}{section.1.1}% 3
\BOOKMARK [1][-]{section.1.2}{Sistema Internacional de Unidades}{chapter.1}% 4
\BOOKMARK [2][-]{subsection.1.2.1}{Unidades}{section.1.2}% 5
\BOOKMARK [2][-]{subsection.1.2.2}{Prefijos}{section.1.2}% 6
\BOOKMARK [2][-]{subsection.1.2.3}{Reglas}{section.1.2}% 7
\BOOKMARK [1][-]{section.1.3}{Consideraciones para la lectura de mediciones}{chapter.1}% 8
\BOOKMARK [2][-]{subsection.1.3.1}{Cifras significativas}{section.1.3}% 9
\BOOKMARK [2][-]{subsection.1.3.2}{Redondeo}{section.1.3}% 10
\BOOKMARK [2][-]{subsection.1.3.3}{Notación científica y de ingeniería}{section.1.3}% 11
\BOOKMARK [1][-]{section.1.4}{Mediciones directas e indirectas}{chapter.1}% 12
\BOOKMARK [1][-]{section.1.5}{Generalidades de instrumentos de medición eléctrica}{chapter.1}% 13
\BOOKMARK [2][-]{subsection.1.5.1}{Instrumentos analógicos}{section.1.5}% 14
\BOOKMARK [2][-]{subsection.1.5.2}{Instrumentos digitales}{section.1.5}% 15
\BOOKMARK [0][-]{chapter.2}{Errores}{}% 16
\BOOKMARK [1][-]{subsection.2.0.1}{Error absoluto}{chapter.2}% 17
\BOOKMARK [2][-]{subsection.2.0.2}{Tolerancia}{subsection.2.0.1}% 18
\BOOKMARK [2][-]{subsection.2.0.3}{Error relativo}{subsection.2.0.1}% 19
\BOOKMARK [1][-]{section.2.1}{Clasificación de los errores}{chapter.2}% 20
\BOOKMARK [2][-]{subsection.2.1.1}{Errores groseros}{section.2.1}% 21
\BOOKMARK [2][-]{subsection.2.1.2}{Errores sistemáticos}{section.2.1}% 22
\BOOKMARK [1][-]{section.2.2}{Clase de un instrumento}{chapter.2}% 23
\BOOKMARK [0][-]{chapter.3}{Magnitudes eléctricas}{}% 24
\BOOKMARK [1][-]{section.3.1}{El átomo}{chapter.3}% 25
\BOOKMARK [2][-]{subsection.3.1.1}{Fuerza eléctrica}{section.3.1}% 26
\BOOKMARK [2][-]{subsection.3.1.2}{Materiales conductores y aislantes}{section.3.1}% 27
\BOOKMARK [1][-]{section.3.2}{Diferencia de potencial eléctrico o tensión}{chapter.3}% 28
\BOOKMARK [1][-]{section.3.3}{Intensidad de corriente eléctrica}{chapter.3}% 29
\BOOKMARK [1][-]{section.3.4}{Relación entre tensión y corriente: la resistencia}{chapter.3}% 30
\BOOKMARK [2][-]{subsection.3.4.1}{Ley de Ohm}{section.3.4}% 31
\BOOKMARK [1][-]{section.3.5}{Potencia \(para corriente continua\)}{chapter.3}% 32
\BOOKMARK [2][-]{subsection.3.5.1}{Energía}{section.3.5}% 33
\BOOKMARK [2][-]{subsection.3.5.2}{Eficiencia}{section.3.5}% 34
\BOOKMARK [1][-]{section.3.6}{Campos eléctricos}{chapter.3}% 35
\BOOKMARK [2][-]{subsection.3.6.1}{Capacitores}{section.3.6}% 36
\BOOKMARK [1][-]{section.3.7}{Campos magnéticos}{chapter.3}% 37
\BOOKMARK [2][-]{subsection.3.7.1}{Inductores}{section.3.7}% 38
