This is XeTeX, Version 3.14159265-2.6-0.99996 (TeX Live 2016/Debian) (preloaded format=xelatex 2019.3.7)  12 MAR 2019 16:29
entering extended mode
 restricted \write18 enabled.
 %&-line parsing enabled.
**bibliografia.tex
(./bibliografia.tex
LaTeX2e <2017/01/01> patch level 3
Babel <3.9r> and hyphenation patterns for 83 language(s) loaded.

! LaTeX Error: Environment thebibliography undefined.

See the LaTeX manual or LaTeX Companion for explanation.
Type  H <return>  for immediate help.
 ...                                              
                                                  
l.1 \begin{thebibliography}
                           {X}
Your command was ignored.
Type  I <command> <return>  to replace it with another command,
or  <return>  to continue without it.


! LaTeX Error: Missing \begin{document}.

See the LaTeX manual or LaTeX Companion for explanation.
Type  H <return>  for immediate help.
 ...                                              
                                                  
l.1 \begin{thebibliography}{X
                             }
You're in trouble here.  Try typing  <return>  to proceed.
If that doesn't work, type  X <return>  to quit.

Missing character: There is no X in font nullfont!

Overfull \hbox (20.0pt too wide) in paragraph at lines 1--3
[] 
 []


! LaTeX Error: Lonely \item--perhaps a missing list environment.

See the LaTeX manual or LaTeX Companion for explanation.
Type  H <return>  for immediate help.
 ...                                              
                                                  
l.3 ^^I\bibitem{boylestad}
                           \textsc{Boylestad, R.}, (2011). \textit{Introducc...

Try typing  <return>  to proceed.
If that doesn't work, type  X <return>  to quit.

! Undefined control sequence.
<argument> \@listctr 
                     
l.3 ^^I\bibitem{boylestad}
                           \textsc{Boylestad, R.}, (2011). \textit{Introducc...
The control sequence at the end of the top line
of your error message was never \def'ed. If you have
misspelled it (e.g., `\hobx'), type `I' and the correct
spelling (e.g., `I\hbox'). Otherwise just continue,
and I'll forget about whatever was undefined.

! You can't use `\relax' after \the.
<recently read> \c@ 
                    
l.3 ^^I\bibitem{boylestad}
                           \textsc{Boylestad, R.}, (2011). \textit{Introducc...
I'm forgetting what you said and using zero instead.

\bibcite{boylestad}{0}
Missing character: There is no , in font nullfont!
Missing character: There is no ( in font nullfont!
Missing character: There is no 2 in font nullfont!
Missing character: There is no 0 in font nullfont!
Missing character: There is no 1 in font nullfont!
Missing character: There is no 1 in font nullfont!
Missing character: There is no ) in font nullfont!
Missing character: There is no . in font nullfont!
Missing character: There is no D in font nullfont!
Missing character: There is no e in font nullfont!
Missing character: There is no c in font nullfont!
Missing character: There is no i in font nullfont!
Missing character: There is no m in font nullfont!
Missing character: There is no o in font nullfont!
Missing character: There is no s in font nullfont!
Missing character: There is no e in font nullfont!
Missing character: There is no g in font nullfont!
Missing character: There is no u in font nullfont!
Missing character: There is no n in font nullfont!
Missing character: There is no d in font nullfont!
Missing character: There is no a in font nullfont!
Missing character: There is no e in font nullfont!
Missing character: There is no d in font nullfont!
Missing character: There is no i in font nullfont!
Missing character: There is no c in font nullfont!
Missing character: There is no i in font nullfont!
Missing character: There is no ó in font nullfont!
Missing character: There is no n in font nullfont!
Missing character: There is no , in font nullfont!
Missing character: There is no M in font nullfont!
Missing character: There is no é in font nullfont!
Missing character: There is no x in font nullfont!
Missing character: There is no i in font nullfont!
Missing character: There is no c in font nullfont!
Missing character: There is no o in font nullfont!
Missing character: There is no , in font nullfont!
Missing character: There is no P in font nullfont!
Missing character: There is no e in font nullfont!
Missing character: There is no a in font nullfont!
Missing character: There is no r in font nullfont!
Missing character: There is no s in font nullfont!
Missing character: There is no o in font nullfont!
Missing character: There is no n in font nullfont!
Missing character: There is no E in font nullfont!
Missing character: There is no d in font nullfont!
Missing character: There is no u in font nullfont!
Missing character: There is no c in font nullfont!
Missing character: There is no a in font nullfont!
Missing character: There is no c in font nullfont!
Missing character: There is no i in font nullfont!
Missing character: There is no ó in font nullfont!
Missing character: There is no n in font nullfont!
Missing character: There is no . in font nullfont!
! Undefined control sequence.
l.4 ^^I\bibtem
              {hewitt} \textsc{Hewitt, P.} (2002). \textit{Conceptual physic...
The control sequence at the end of the top line
of your error message was never \def'ed. If you have
misspelled it (e.g., `\hobx'), type `I' and the correct
spelling (e.g., `I\hbox'). Otherwise just continue,
and I'll forget about whatever was undefined.

Missing character: There is no h in font nullfont!
Missing character: There is no e in font nullfont!
Missing character: There is no w in font nullfont!
Missing character: There is no i in font nullfont!
Missing character: There is no t in font nullfont!
Missing character: There is no t in font nullfont!
Missing character: There is no ( in font nullfont!
Missing character: There is no 2 in font nullfont!
Missing character: There is no 0 in font nullfont!
Missing character: There is no 0 in font nullfont!
Missing character: There is no 2 in font nullfont!
Missing character: There is no ) in font nullfont!
Missing character: There is no . in font nullfont!
Missing character: There is no . in font nullfont!
Missing character: There is no P in font nullfont!
Missing character: There is no e in font nullfont!
Missing character: There is no a in font nullfont!
Missing character: There is no r in font nullfont!
Missing character: There is no s in font nullfont!
Missing character: There is no o in font nullfont!
Missing character: There is no n in font nullfont!
Missing character: There is no E in font nullfont!
Missing character: There is no d in font nullfont!
Missing character: There is no u in font nullfont!
Missing character: There is no c in font nullfont!
Missing character: There is no a in font nullfont!
Missing character: There is no c in font nullfont!
Missing character: There is no i in font nullfont!
Missing character: There is no ó in font nullfont!
Missing character: There is no n in font nullfont!
Missing character: There is no . in font nullfont!

Overfull \hbox (56.07pt too wide) in paragraph at lines 3--5
\TU/lmr/m/sc/10 Boylestad,
 []


Overfull \hbox (11.19pt too wide) in paragraph at lines 3--5
\TU/lmr/m/sc/10 R.
 []


Overfull \hbox (13.06pt too wide) in paragraph at lines 3--5
\TU/lmr/m/it/10 In-
 []


Overfull \hbox (15.72pt too wide) in paragraph at lines 3--5
\TU/lmr/m/it/10 tro-
 []


Overfull \hbox (18.66pt too wide) in paragraph at lines 3--5
\TU/lmr/m/it/10 duc-
 []


Overfull \hbox (18.4pt too wide) in paragraph at lines 3--5
\TU/lmr/m/it/10 ción
 []


Overfull \hbox (7.67pt too wide) in paragraph at lines 3--5
\TU/lmr/m/it/10 al
 []


Overfull \hbox (25.05pt too wide) in paragraph at lines 3--5
\TU/lmr/m/it/10 análi-
 []


Overfull \hbox (11.25pt too wide) in paragraph at lines 3--5
\TU/lmr/m/it/10 sis
 []


Overfull \hbox (9.71pt too wide) in paragraph at lines 3--5
\TU/lmr/m/it/10 de
 []


Overfull \hbox (15.47pt too wide) in paragraph at lines 3--5
\TU/lmr/m/it/10 cir-
 []


Overfull \hbox (25.56pt too wide) in paragraph at lines 3--5
\TU/lmr/m/it/10 cuitos
 []


Overfull \hbox (17.5pt too wide) in paragraph at lines 3--5
\TU/lmr/m/sc/10 He-
 []


Overfull \hbox (26.39pt too wide) in paragraph at lines 3--5
\TU/lmr/m/sc/10 witt,
 []


Overfull \hbox (10.61pt too wide) in paragraph at lines 3--5
\TU/lmr/m/sc/10 P.
 []


Overfull \hbox (21.47pt too wide) in paragraph at lines 3--5
\TU/lmr/m/it/10 Con-
 []


Overfull \hbox (17.38pt too wide) in paragraph at lines 3--5
\TU/lmr/m/it/10 cep-
 []


Overfull \hbox (16.36pt too wide) in paragraph at lines 3--5
\TU/lmr/m/it/10 tual
 []


Overfull \hbox (30.93001pt too wide) in paragraph at lines 3--5
\TU/lmr/m/it/10 physics 
 []


! LaTeX Error: Lonely \item--perhaps a missing list environment.

See the LaTeX manual or LaTeX Companion for explanation.
Type  H <return>  for immediate help.
 ...                                              
                                                  
l.5 ^^I\bibitem{bolton}
                        \textsc{Bolton, W.} (1995). \textit{Mediciones y pru...

Try typing  <return>  to proceed.
If that doesn't work, type  X <return>  to quit.

! Undefined control sequence.
<argument> \@listctr 
                     
l.5 ^^I\bibitem{bolton}
                        \textsc{Bolton, W.} (1995). \textit{Mediciones y pru...
The control sequence at the end of the top line
of your error message was never \def'ed. If you have
misspelled it (e.g., `\hobx'), type `I' and the correct
spelling (e.g., `I\hbox'). Otherwise just continue,
and I'll forget about whatever was undefined.

! You can't use `\relax' after \the.
<recently read> \c@ 
                    
l.5 ^^I\bibitem{bolton}
                        \textsc{Bolton, W.} (1995). \textit{Mediciones y pru...
I'm forgetting what you said and using zero instead.

\bibcite{bolton}{0}
Missing character: There is no ( in font nullfont!
Missing character: There is no 1 in font nullfont!
Missing character: There is no 9 in font nullfont!
Missing character: There is no 9 in font nullfont!
Missing character: There is no 5 in font nullfont!
Missing character: There is no ) in font nullfont!
Missing character: There is no . in font nullfont!
Missing character: There is no . in font nullfont!
Missing character: There is no M in font nullfont!
Missing character: There is no a in font nullfont!
Missing character: There is no r in font nullfont!
Missing character: There is no c in font nullfont!
Missing character: There is no o in font nullfont!
Missing character: There is no m in font nullfont!
Missing character: There is no b in font nullfont!
Missing character: There is no o in font nullfont!
Missing character: There is no . in font nullfont!

! LaTeX Error: \begin{document} ended by \end{thebibliography}.

See the LaTeX manual or LaTeX Companion for explanation.
Type  H <return>  for immediate help.
 ...                                              
                                                  
l.6 \end{thebibliography}
                         
Your command was ignored.
Type  I <command> <return>  to replace it with another command,
or  <return>  to continue without it.

)
! Emergency stop.
<*> bibliografia.tex
                    
*** (job aborted, no legal \end found)

 
Here is how much of TeX's memory you used:
 14 strings out of 493068
 283 string characters out of 6137721
 56809 words of memory out of 5000000
 4030 multiletter control sequences out of 15000+600000
 3656 words of font info for 16 fonts, out of 8000000 for 9000
 1347 hyphenation exceptions out of 8191
 13i,1n,8p,183b,92s stack positions out of 5000i,500n,10000p,200000b,80000s
No pages of output.
